commit 6d875a35a4b8973d7698e27f9804168cd1684b99
Author: ajrator <ajrator@gmail.com>
Date:   Thu Oct 20 21:27:08 2016 -0500

    added pdf

commit 2de4da69308fee45550da91c69bd6a3d26e47527
Author: marktheperson <bizarremarktriangle@rocketmail.com>
Date:   Thu Oct 20 21:25:13 2016 -0500

    removed footer stuff

commit ef6b767abebe5d3a200f02ccc47519495d19ecf9
Author: Eugene Ng <eugenen@utexas.edu>
Date:   Thu Oct 20 21:10:50 2016 -0500

    changed attr names to match other models

commit d9ffd233dfbaf37bd72179bd2ab758284bdf1575
Author: Eugene Ng <eugenen@utexas.edu>
Date:   Thu Oct 20 21:10:26 2016 -0500

    changed attr names to match other models

commit 8eea33c15584cf66b286908ff0de998fc535053b
Author: Eugene Ng <eugenen@utexas.edu>
Date:   Thu Oct 20 21:10:05 2016 -0500

    changed attr names to match other models

commit 8d6363696875f6ee5e406f94dce094304bc1ebf2
Author: Eugene Ng <eugenen@utexas.edu>
Date:   Thu Oct 20 21:08:38 2016 -0500

    changed attr name to companies

commit 9cded45934943f5fc4640370431c20dbdb1666ca
Author: Eugene Ng <eugenen@utexas.edu>
Date:   Thu Oct 20 21:08:22 2016 -0500

    changed attr name to companies

commit 15ddd3c7dff53b69280c06bd7e68ab3932fb3feb
Author: Eugene Ng <eugenen@utexas.edu>
Date:   Thu Oct 20 21:08:04 2016 -0500

    changed attr name to companies

commit 5915660e9c8812b40c4cce2e2bf1120f56824ef4
Author: Eugene Ng <eugenen@cs.utexas.edu>
Date:   Thu Oct 20 21:06:46 2016 -0500

    changed attr names in models according to multiplicities

commit f5febf2ac295144fccf52fd925a47d3010f6e5f8
Author: Svyatoslav Ilinskiy <ilinskiy.sv@gmail.com>
Date:   Thu Oct 20 20:55:42 2016 -0500

    Add descriptions of values on apiary

commit 6bd3eb640b8a9b08a6c8205f7ae8b845b980f49c
Author: marktheperson <bizarremarktriangle@rocketmail.com>
Date:   Thu Oct 20 20:55:05 2016 -0500

    updated links
    
    - home page links
    - made about page easier to read

commit 03fe11f0cbd406a778904c841a663b093f342563
Merge: bdf524c 8f4cd00
Author: Addy Kim <soyaddyk@gmail.com>
Date:   Thu Oct 20 20:52:13 2016 -0500

    Merge branch 'dev' of github.com:cs373gc-fall-2016/Startup-Fairy into dev

commit bdf524c4bc667cc499ddfaf30abf4791d7ba61b1
Author: Addy Kim <soyaddyk@gmail.com>
Date:   Thu Oct 20 20:41:05 2016 -0500

    Each has link to its details page

commit 8f4cd006d69dc39c7fc462f39a3f773b65153fa9
Author: Eugene Ng <eugenen@cs.utexas.edu>
Date:   Thu Oct 20 20:44:49 2016 -0500

    split tests into classes according to models

commit 59e3d8fdadeb7660d1e0826f09d09ebcb7529d7c
Author: ajrator <ajrator@gmail.com>
Date:   Thu Oct 20 20:24:12 2016 -0500

    updated UML

commit b92e418c494ebe283d400ff69f036597c61c92c1
Author: Svyatoslav Ilinskiy <ilinskiy.sv@gmail.com>
Date:   Thu Oct 20 20:18:02 2016 -0500

    [Apiary] Capitalize Startup Fairy

commit 225883cd6ba4eec84d80c0fb41aaad71ef287b18
Author: Svyatoslav Ilinskiy <ilinskiy.sv@gmail.com>
Date:   Thu Oct 20 20:15:13 2016 -0500

    Add API description for Apiary

commit 4e681b211a629cedc639aaa6c3aaebeeb71ef04a
Author: Eugene Ng <eugenen@cs.utexas.edu>
Date:   Thu Oct 20 19:58:23 2016 -0500

    changed some attr names in models to match jsons

commit 78f694551d828515e4c21fde54053cfbfe357d99
Author: Eugene Ng <eugenen@utexas.edu>
Date:   Thu Oct 20 19:48:33 2016 -0500

    changed name of twitter attr

commit 894dbbc8e5f54e28e11891f8ee3b8d9d11d276ea
Author: Eugene Ng <eugenen@utexas.edu>
Date:   Thu Oct 20 19:48:21 2016 -0500

    changed name of twitter attr

commit 6474298894b11df5c8e21a18fa7956430d7e3fc1
Author: Eugene Ng <eugenen@utexas.edu>
Date:   Thu Oct 20 19:48:07 2016 -0500

    changed name of twitter attr

commit 30c26ea151bd13d1d385009f25e1139025013c60
Author: Eugene Ng <eugenen@utexas.edu>
Date:   Thu Oct 20 19:47:27 2016 -0500

    changed name of companies attr

commit ca97f0cc42f29ed1379c64f5445e229330db16a0
Author: ajrator <ajrator@gmail.com>
Date:   Thu Oct 20 19:46:34 2016 -0500

    added pdf of UML Diagram to repo

commit b10323c53f4445d6cea1b3be65846a7b2f450adf
Author: Eugene Ng <eugenen@utexas.edu>
Date:   Thu Oct 20 19:45:44 2016 -0500

    changed name of companies attr

commit b9faa7ccc292d0eab2b6e6b8c31fd2d5b962a913
Author: Eugene Ng <eugenen@utexas.edu>
Date:   Thu Oct 20 19:44:49 2016 -0500

    changed name of companies attribute

commit 8808dc987a86d023c1cb8040033b0af72cf09db5
Author: ajrator <ajrator@gmail.com>
Date:   Thu Oct 20 19:44:38 2016 -0500

    link to UML

commit c7a45922c572ce854ec66058432e38b42bbe3ba0
Merge: 57eede7 5e15070
Author: ajrator <ajrator@gmail.com>
Date:   Thu Oct 20 19:43:32 2016 -0500

    changes to README

commit 57eede7be753b09245b11c5d163840bce43a5f21
Author: ajrator <ajrator@gmail.com>
Date:   Thu Oct 20 19:37:26 2016 -0500

    preparing for UML diagram post

commit 5e15070581f1a40491ce787aed963d7bb42713c3
Merge: 6bd623e 4cc62e8
Author: Addy Kim <soyaddyk@gmail.com>
Date:   Thu Oct 20 19:37:20 2016 -0500

    Merge branch 'dev' of github.com:cs373gc-fall-2016/Startup-Fairy into dev

commit 6bd623e0c133be4d2e3bf7086cbb78a6d52ea9f5
Author: Addy Kim <soyaddyk@gmail.com>
Date:   Thu Oct 20 19:37:17 2016 -0500

    Have links to external websites

commit fbebbf3d98cd8440aebcbe7bdd2308314802e402
Author: Addy Kim <soyaddyk@gmail.com>
Date:   Thu Oct 20 19:03:33 2016 -0500

    Customize column data, Closes #32

commit 4cc62e8c6c6396f7ea79e6c2c2a00917bbff64b9
Author: marktheperson <bizarremarktriangle@rocketmail.com>
Date:   Thu Oct 20 19:09:25 2016 -0500

    changed from pink
    
    because stas thought it was too gender normative

commit cce1bfda77fa3831051f5f2cafcbd22e910aa22b
Author: marktheperson <bizarremarktriangle@rocketmail.com>
Date:   Thu Oct 20 18:45:51 2016 -0500

    added some styles
    
    - updated formatting for about page
    - updated splash carousel (partially)

commit 1278b41b6c8cb4e516daf4aa1e3ce39e1b2bfe2c
Author: cameronreynoldson <cameronreynoldson@utexas.edu>
Date:   Thu Oct 20 23:35:22 2016 +0000

    remove routes.py file

commit 722dd0a90a1b57faee7538a95b63d1b6555c59d5
Author: Eugene Ng <eugenen@cs.utexas.edu>
Date:   Thu Oct 20 18:17:32 2016 -0500

    added repr and dictionary methods to models

commit 33ab6c8b71252c0b9eb35f10ce38b59f3fc7b40c
Author: Addy Kim <soyaddyk@gmail.com>
Date:   Thu Oct 20 18:15:52 2016 -0500

    Present alternative/displayable names for title and category page

commit 70713ca44b773425f7862ed161cbd329190ae575
Author: marktheperson <bizarremarktriangle@rocketmail.com>
Date:   Thu Oct 20 17:46:05 2016 -0500

    style changes
    
    updated fonts and carousel

commit cda668eeb2407c7131b30e5b9c2345210a3fb9a5
Author: marktheperson <bizarremarktriangle@rocketmail.com>
Date:   Thu Oct 20 16:49:13 2016 -0500

    small changes (again lol)
    
    - removed useless code that i had added last commit

commit 383797e50209072d31ad1379b7ac97aabf3b4a07
Merge: 53ef506 613a18b
Author: Addy Kim <soyaddyk@gmail.com>
Date:   Thu Oct 20 16:40:54 2016 -0500

    Merge branch 'dev' of github.com:cs373gc-fall-2016/Startup-Fairy into dev

commit 53ef50602c2620f28bd167ab1e110d89453d46d3
Author: Addy Kim <soyaddyk@gmail.com>
Date:   Thu Oct 20 16:40:49 2016 -0500

    Display table content per category

commit 613a18b0122938615e5609af0ca8bc9cbf590e0a
Author: marktheperson <bizarremarktriangle@rocketmail.com>
Date:   Thu Oct 20 16:28:01 2016 -0500

    small changes
    
    - updated some style things to add contrast
    - added a footer (y'all can take this out if it looks ugly lol)
    - changed about title to uppercase

commit a333af43d855d5e4caa2c138bbb97b3e9086768c
Author: cameronreynoldson <cameronreynoldson@utexas.edu>
Date:   Thu Oct 20 20:40:23 2016 +0000

    updated readme

commit 0fc026e1ddf20d375f6f7ee1c1318c7e1ffd0b3e
Merge: db1e4e5 9fa975f
Author: Addy Kim <soyaddyk@gmail.com>
Date:   Thu Oct 20 15:23:48 2016 -0500

    Merge branch 'dev' of github.com:cs373gc-fall-2016/Startup-Fairy into dev

commit 9fa975fe99bd5b6b35b228d2a0bc945c05065a9b
Author: cameronreynoldson <cameronreynoldson@utexas.edu>
Date:   Thu Oct 20 20:20:42 2016 +0000

    fixed 404 error

commit db1e4e5d5a03b1600b2990cd436d08a394523ce4
Merge: 8b1ab2b 624dabb
Author: Addy Kim <soyaddyk@gmail.com>
Date:   Thu Oct 20 14:41:05 2016 -0500

    Merge branch 'dev' of github.com:cs373gc-fall-2016/Startup-Fairy into dev

commit 624dabb2e9addd5980c2bebcaec02c8162d94a9f
Author: cameronreynoldson <cameronreynoldson@utexas.edu>
Date:   Thu Oct 20 19:38:52 2016 +0000

    added models, closed #29

commit 8b1ab2b52c563a50216be22318f0f23dc37802c1
Author: Addy Kim <soyaddyk@gmail.com>
Date:   Thu Oct 20 14:34:20 2016 -0500

    Update title of category pages

commit 2216f91d8c37e651f3ca4f6fb6135b318ed6b136
Author: cameronreynoldson <cameronreynoldson@utexas.edu>
Date:   Thu Oct 20 19:08:11 2016 +0000

    fixed file opening issue

commit 9d5d76a6198203d934ce71dc0d0032b954ac92bc
Author: cameronreynoldson <cameronreynoldson@utexas.edu>
Date:   Thu Oct 20 18:52:23 2016 +0000

    removed environment variable

commit a4c92fb07e39ab66262e409168b5a5b13155cb5f
Author: marktheperson <bizarremarktriangle@rocketmail.com>
Date:   Thu Oct 20 13:03:12 2016 -0500

    updated links

commit 585315c6b4551fb719c44f646de2a2c2f23d8193
Author: Addy Kim <soyaddyk@gmail.com>
Date:   Thu Oct 20 12:47:58 2016 -0500

    Import json in views

commit 7055ed9dd3b8d0c1c1fcd31e281dfdea2a535ddc
Author: Addy Kim <soyaddyk@gmail.com>
Date:   Thu Oct 20 12:46:24 2016 -0500

    Make use of json files

commit 587aedbb5ecdbdcdefabccca1b20e4a48ddc7fc8
Author: Addy Kim <soyaddyk@gmail.com>
Date:   Thu Oct 20 09:41:37 2016 -0500

    Cannot run app locally due to port 80, use env var to determine prod/dev environment

commit 1825d8fcca19f88162c67cba14ecef0bcf14dd42
Author: cameronreynoldson <cameronreynoldson@utexas.edu>
Date:   Thu Oct 20 07:52:03 2016 +0000

    changed port number so that we can see website online

commit e0a5997a3bf010de658033d175af58c25ed2b4fb
Author: Svyatoslav Ilinskiy <ilinskiy.sv@gmail.com>
Date:   Wed Oct 19 21:03:08 2016 -0500

    Add hardcoded json files for phase 1

commit 128aac05ee09baf695766ae20c7616dfb63593c3
Author: Svyatoslav Ilinskiy <ilinskiy.sv@gmail.com>
Date:   Wed Oct 19 19:47:02 2016 -0500

    Fix bullet points in README

commit f74d96eaa0c1453807c3e487d786c4421dbd58e8
Author: Svyatoslav Ilinskiy <ilinskiy.sv@gmail.com>
Date:   Wed Oct 19 19:46:07 2016 -0500

    Add models to README

commit c3266870851ecc1f89e6c6597c7423a71e43f109
Merge: 0a237a1 6079f57
Author: Addy Kim <soyaddyk@gmail.com>
Date:   Wed Oct 19 17:49:26 2016 -0500

    Merge branch 'dev' of github.com:cs373gc-fall-2016/Startup-Fairy into dev

commit 0a237a1ce10ed327fdda7ffc5852b7e784e000be
Author: Addy Kim <soyaddyk@gmail.com>
Date:   Wed Oct 19 17:49:18 2016 -0500

    Fix the active nav button, Closes #27

commit 6079f5710180d0b25f517ba7b6d5484e3afb556f
Author: marktheperson <bizarremarktriangle@rocketmail.com>
Date:   Wed Oct 19 17:47:04 2016 -0500

    about page updates
    
    splash page updates and some index updates

commit f8e14ce96d89788e28e45b90d58bcdc1c90ff6b6
Merge: ed7fdde 8ea2550
Author: Addy Kim <soyaddyk@gmail.com>
Date:   Wed Oct 19 17:20:35 2016 -0500

    Merge branch 'dev' of github.com:cs373gc-fall-2016/Startup-Fairy into dev

commit ed7fdded2d4af54cc2f3fdebdaf34453b0dab9e7
Author: Addy Kim <soyaddyk@gmail.com>
Date:   Wed Oct 19 17:20:30 2016 -0500

    Create dummy/placeholder pages + template

commit 8ea2550b81fe233d6712cdf19d15b11be02ea278
Author: marktheperson <bizarremarktriangle@rocketmail.com>
Date:   Wed Oct 19 16:52:58 2016 -0500

    little stuff

commit 77eecac99cb9d4c7e7f362d9a91a14fbde8dd6fe
Author: marktheperson <bizarremarktriangle@rocketmail.com>
Date:   Wed Oct 19 16:14:26 2016 -0500

    added bios and photos
    
    to about page

commit 6afb37df8f41c94cdecbe45e27d9f0d59dc967c0
Author: marktheperson <bizarremarktriangle@rocketmail.com>
Date:   Wed Oct 19 15:58:22 2016 -0500

    about page updates
    
    updated about page with skeleton for sections, and some dummy text.
    added images. still need to add detailed descriptions for each section
    and make it nice looking.

commit 083a99b034a69b5b7f43effdb7e37c2a087a320f
Merge: c467b0f ff51829
Author: Addy Kim <soyaddyk@gmail.com>
Date:   Wed Oct 19 15:16:44 2016 -0500

    Merge branch 'dev' of github.com:cs373gc-fall-2016/TBD into dev

commit c467b0f15ace8e61dfd3e69a97b1649d551148bf
Merge: 7f5f62d dbaa34a
Author: Addy Kim <soyaddyk@gmail.com>
Date:   Wed Oct 19 15:16:12 2016 -0500

    Merge branch 'dev' of github.com:cs373gc-fall-2016/TBD into dev

commit ff518294c55c90ba183a22c20a9229a60478e883
Author: Svyatoslav Ilinskiy <ilinskiy.sv@gmail.com>
Date:   Wed Oct 19 15:15:06 2016 -0500

    Fix links in README

commit 7f5f62da3044f2f459e2d944d2d9e02e14f6999d
Author: Addy Kim <soyaddyk@gmail.com>
Date:   Wed Oct 19 15:14:17 2016 -0500

    Dummy table skeleton

commit 2331c836bfe2fddb329802e2a589c15b72ce3e64
Author: Addy Kim <soyaddyk@gmail.com>
Date:   Wed Oct 19 15:14:06 2016 -0500

    Trim bower and npm dependencies

commit dbaa34a4ce0f8bdcc9479dc2d9f568de9b9db990
Author: Svyatoslav Ilinskiy <ilinskiy.sv@gmail.com>
Date:   Wed Oct 19 15:08:25 2016 -0500

    Add .idea to .gitignore

commit 1da536555c0db622a88b00f10f6eb442967b6285
Author: Addy Kim <soyaddyk@gmail.com>
Date:   Wed Oct 19 15:02:51 2016 -0500

    Fix hamburger button issues, Closes #25

commit 4ac9817d468bfe65c13d8ab43b1aabeb12497493
Author: marktheperson <bizarremarktriangle@rocketmail.com>
Date:   Wed Oct 19 14:57:05 2016 -0500

    typekit stuff

commit 29eab4ced46d38fa6b057ff496db6af58ffe6f4e
Author: marktheperson <bizarremarktriangle@rocketmail.com>
Date:   Wed Oct 19 14:41:18 2016 -0500

    added to gitignore
    
    thumbnail thing for mac

commit 28f22c15bf9f87f71ddabebccddbbeadfc7ee3d4
Author: Addy Kim <soyaddyk@gmail.com>
Date:   Wed Oct 19 13:56:57 2016 -0500

    Temporary splash page stand in

commit d907ba1f0487ecb67378452d8a6a65d28c9ba43b
Author: Addy Kim <soyaddyk@gmail.com>
Date:   Wed Oct 19 13:56:41 2016 -0500

    Add bower and npm for front end dependencies

commit 5026060d3b15883d6340a95454b4c19918b50bb0
Author: Addy Kim <soyaddyk@gmail.com>
Date:   Tue Oct 18 20:46:43 2016 -0500

    Add table.html to base

commit 71a1583676b50bd03721bfa12936c668aeedbd1c
Author: Addy Kim <soyaddyk@gmail.com>
Date:   Tue Oct 18 15:14:25 2016 -0500

    Clean up template

commit 23298f2fcb95c3a34ee0f64ff701a0497e5b6e25
Author: Eugene Ng <eugenen@cs.utexas.edu>
Date:   Mon Oct 17 19:49:22 2016 -0500

    wrote a basic skeleton for unit tests based on unit testing from prev projs

commit 06d18789aa933f7754d4e67cbe8d52e83a87e1d3
Merge: 60c9624 2775498
Author: Addy Kim <soyaddyk@gmail.com>
Date:   Mon Oct 17 18:42:16 2016 -0500

    Merge branch 'dev' of github.com:cs373gc-fall-2016/TBD into dev

commit 60c9624430a939585d666eb37b18477d358e2cdc
Author: Addy Kim <soyaddyk@gmail.com>
Date:   Mon Oct 17 18:21:11 2016 -0500

    Create base pages to display on app

commit 277549885b698419e367cf3035b60f8e67136d05
Author: cameronreynoldson <cameronreynoldson@utexas.edu>
Date:   Mon Oct 17 23:16:46 2016 +0000

    changed host port so that site is visible externally

commit 90f98f237ef8a7e9597d4093089ed44edd304672
Author: Svyatoslav Ilinskiy <ilinskiy.sv@gmail.com>
Date:   Mon Oct 17 17:52:00 2016 -0500

    Fix typo in readme

commit c4f10857601862899a82d97a6cfe14e57af0368e
Author: Addy Kim <addykim@users.noreply.github.com>
Date:   Mon Oct 17 17:19:05 2016 -0500

    Transferring API Description file from Apiary.io

commit 9f40f0103eff1976aac37a62f490df22d73b0936
Author: Addy Kim <soyaddyk@gmail.com>
Date:   Mon Oct 17 17:09:32 2016 -0500

    Disable email notifications from travis

commit 51f609c8e11c18d3163b83132c8557e1ca8fb7ed
Merge: 24bdedb 3df83a1
Author: Addy Kim <soyaddyk@gmail.com>
Date:   Mon Oct 17 13:02:46 2016 -0500

    Merge branch 'dev' of github.com:cs373gc-fall-2016/TBD into dev

commit 24bdedbd09aa2ce7ee87ede58861ff3c067bc6f0
Author: Addy Kim <soyaddyk@gmail.com>
Date:   Mon Oct 17 13:02:13 2016 -0500

    Remove *.pyc, add to gitignore

commit 3df83a142142c3c0386091f3dbfaf73c05e3d46e
Author: Addy Kim <addykim@users.noreply.github.com>
Date:   Mon Oct 17 12:54:05 2016 -0500

    Add link to Travis build

commit 24b6b900b4159d8c014ae590aac6038febc6d56b
Author: Addy Kim <soyaddyk@gmail.com>
Date:   Mon Oct 17 12:40:50 2016 -0500

    Upload skeleton of what needs to be turned in

commit 627032643672d690738a88f31624b5b8575a4abb
Author: Addy Kim <soyaddyk@gmail.com>
Date:   Mon Oct 17 12:40:40 2016 -0500

    Add setup information

commit c702424bd85d5469adf358664b3f2ac95f580a7b
Author: Addy Kim <addykim@users.noreply.github.com>
Date:   Mon Oct 17 10:41:46 2016 -0500

    Initial commit
